System.Data.SqlClient.SqlException (0x80131904): Dados de cadeia ou binários seriam truncados.
A instrução foi finalizada.
   em System.Data.SqlClient.SqlConnection.OnError(SqlException exception, Boolean breakConnection, Action`1 wrapCloseInAction)
   em System.Data.SqlClient.SqlInternalConnection.OnError(SqlException exception, Boolean breakConnection, Action`1 wrapCloseInAction)
   em System.Data.SqlClient.TdsParser.ThrowExceptionAndWarning(TdsParserStateObject stateObj, Boolean callerHasConnectionLock, Boolean asyncClose)
   em System.Data.SqlClient.TdsParser.TryRun(RunBehavior runBehavior, SqlCommand cmdHandler, SqlDataReader dataStream, BulkCopySimpleResultSet bulkCopyHandler, TdsParserStateObject stateObj, Boolean& dataReady)
   em System.Data.SqlClient.SqlCommand.FinishExecuteReader(SqlDataReader ds, RunBehavior runBehavior, String resetOptionsString, Boolean isInternal, Boolean forDescribeParameterEncryption)
   em System.Data.SqlClient.SqlCommand.RunExecuteReaderTds(CommandBehavior cmdBehavior, RunBehavior runBehavior, Boolean returnStream, Boolean async, Int32 timeout, Task& task, Boolean asyncWrite, Boolean inRetry, SqlDataReader ds, Boolean describeParameterEncryptionRequest)
   em System.Data.SqlClient.SqlCommand.RunExecuteReader(CommandBehavior cmdBehavior, RunBehavior runBehavior, Boolean returnStream, String method, TaskCompletionSource`1 completion, Int32 timeout, Task& task, Boolean& usedCache, Boolean asyncWrite, Boolean inRetry)
   em System.Data.SqlClient.SqlCommand.InternalExecuteNonQuery(TaskCompletionSource`1 completion, String methodName, Boolean sendToPipe, Int32 timeout, Boolean& usedCache, Boolean asyncWrite, Boolean inRetry)
   em System.Data.SqlClient.SqlCommand.ExecuteNonQuery()
   em WindowsFormsApplication1.Clientes.insertClientesAuditoria(String codigo, Int32 user, String obsaudit) na c:\Users\GUSTAVO\Desktop\COMERCIAL - new\Comercial\CLASSES\Clientes.cs:linha 227
   em WindowsFormsApplication1.formProspeccao.btnGerarProspeccao_Click(Object sender, EventArgs e) na c:\Users\GUSTAVO\Desktop\COMERCIAL - new\Comercial\FORMS\Prospeccao.cs:linha 413
   em System.Windows.Forms.Control.OnClick(EventArgs e)
   em System.Windows.Forms.Button.OnClick(EventArgs e)
   em System.Windows.Forms.Button.OnMouseUp(MouseEventArgs mevent)
   em System.Windows.Forms.Control.WmMouseUp(Message& m, MouseButtons button, Int32 clicks)
   em System.Windows.Forms.Control.WndProc(Message& m)
   em System.Windows.Forms.ButtonBase.WndProc(Message& m)
   em System.Windows.Forms.Button.WndProc(Message& m)
   em System.Windows.Forms.Control.ControlNativeWindow.OnMessage(Message& m)
   em System.Windows.Forms.Control.ControlNativeWindow.WndProc(Message& m)
   em System.Windows.Forms.NativeWindow.DebuggableCallback(IntPtr hWnd, Int32 msg, IntPtr wparam, IntPtr lparam)
   em System.Windows.Forms.UnsafeNativeMethods.DispatchMessageW(MSG& msg)
   em System.Windows.Forms.Application.ComponentManager.System.Windows.Forms.UnsafeNativeMethods.IMsoComponentManager.FPushMessageLoop(IntPtr dwComponentID, Int32 reason, Int32 pvLoopData)
   em System.Windows.Forms.Application.ThreadContext.RunMessageLoopInner(Int32 reason, ApplicationContext context)
   em System.Windows.Forms.Application.ThreadContext.RunMessageLoop(Int32 reason, ApplicationContext context)
   em System.Windows.Forms.Application.RunDialog(Form form)
   em System.Windows.Forms.Form.ShowDialog(IWin32Window owner)
   em System.Windows.Forms.Form.ShowDialog()
   em WindowsFormsApplication1.CadastroClientes.Prospeccao() na c:\Users\GUSTAVO\Desktop\COMERCIAL - new\Comercial\FORMS\CadastroClientes.cs:linha 1285
   em WindowsFormsApplication1.CadastroClientes.bntSalvar_Click(Object sender, EventArgs e) na c:\Users\GUSTAVO\Desktop\COMERCIAL - new\Comercial\FORMS\CadastroClientes.cs:linha 805
ClientConnectionId:c2139088-0280-446a-8c84-e1d19c131388
Error Number:8152,State:2,Class:16
